# JRE version: OpenJDK Runtime Environment (8.0_112-b06) (build 1.8.0_112-release-b06)
# Java VM: OpenJDK 64-Bit Server VM (25.112-b06 mixed mode windows-amd64 )
Heap:
 PSYoungGen      total 1358848K, used 596403K [0x00000008d5580000, 0x0000000940c00000, 0x0000000d00000000)
  eden space 968704K, 61% used [0x00000008d5580000,0x00000008f9becd70,0x0000000910780000)
  from space 390144K, 0% used [0x0000000928300000,0x0000000928300000,0x0000000940000000)
  to   space 388608K, 0% used [0x0000000910780000,0x0000000910780000,0x0000000928300000)
 ParOldGen       total 970752K, used 970742K [0x0000000080000000, 0x00000000bb400000, 0x00000008d5580000)
  object space 970752K, 99% used [0x0000000080000000,0x00000000bb3fdb90,0x00000000bb400000)
 Metaspace       used 6533K, capacity 6920K, committed 7168K, reserved 8192K
GC Heap History (10 events):
Event: 25.897 GC heap before
{Heap before GC invocations=20 (full 4):
 PSYoungGen      total 997888K, used 845019K [0x00000008d5580000, 0x000000092b500000, 0x0000000d00000000)
  eden space 729088K, 100% used [0x00000008d5580000,0x0000000901d80000,0x0000000901d80000)
  from space 268800K, 43% used [0x0000000901d80000,0x0000000908eb6fb0,0x0000000912400000)
  to   space 263168K, 0% used [0x000000091b400000,0x000000091b400000,0x000000092b500000)
 ParOldGen       total 968192K, used 636058K [0x0000000080000000, 0x00000000bb180000, 0x00000008d5580000)
  object space 968192K, 65% used [0x0000000080000000,0x00000000a6d26988,0x00000000bb180000)
 Metaspace       used 6455K, capacity 6856K, committed 6912K, reserved 8192K
Event: 26.341 GC heap after
Heap after GC invocations=20 (full 4):
 PSYoungGen      total 1114112K, used 224781K [0x00000008d5580000, 0x000000092e580000, 0x0000000d00000000)
  eden space 850944K, 0% used [0x00000008d5580000,0x00000008d5580000,0x0000000909480000)
  from space 263168K, 85% used [0x000000091b400000,0x0000000928f834a8,0x000000092b500000)
  to   space 294400K, 0% used [0x0000000909480000,0x0000000909480000,0x000000091b400000)
 ParOldGen       total 968192K, used 636066K [0x0000000080000000, 0x00000000bb180000, 0x00000008d5580000)
  object space 968192K, 65% used [0x0000000080000000,0x00000000a6d28988,0x00000000bb180000)
 Metaspace       used 6455K, capacity 6856K, committed 6912K, reserved 8192K
}
Event: 28.260 GC heap before
{Heap before GC invocations=21 (full 4):
 PSYoungGen      total 1114112K, used 1075725K [0x00000008d5580000, 0x000000092e580000, 0x0000000d00000000)
  eden space 850944K, 100% used [0x00000008d5580000,0x0000000909480000,0x0000000909480000)
  from space 263168K, 85% used [0x000000091b400000,0x0000000928f834a8,0x000000092b500000)
  to   space 294400K, 0% used [0x0000000909480000,0x0000000909480000,0x000000091b400000)
 ParOldGen       total 968192K, used 636066K [0x0000000080000000, 0x00000000bb180000, 0x00000008d5580000)
  object space 968192K, 65% used [0x0000000080000000,0x00000000a6d28988,0x00000000bb180000)
 Metaspace       used 6455K, capacity 6856K, committed 6912K, reserved 8192K
Event: 28.712 GC heap after
Heap after GC invocations=21 (full 4):
 PSYoungGen      total 1145344K, used 294391K [0x00000008d5580000, 0x0000000940000000, 0x0000000d00000000)
  eden space 850944K, 0% used [0x00000008d5580000,0x00000008d5580000,0x0000000909480000)
  from space 294400K, 99% used [0x0000000909480000,0x000000091b3fdfd0,0x000000091b400000)
  to   space 390144K, 0% used [0x0000000928300000,0x0000000928300000,0x0000000940000000)
 ParOldGen       total 968192K, used 760404K [0x0000000080000000, 0x00000000bb180000, 0x00000008d5580000)
  object space 968192K, 78% used [0x0000000080000000,0x00000000ae6951b0,0x00000000bb180000)
 Metaspace       used 6455K, capacity 6856K, committed 6912K, reserved 8192K
}
Event: 30.227 GC heap before
{Heap before GC invocations=22 (full 4):
 PSYoungGen      total 1145344K, used 1145335K [0x00000008d5580000, 0x0000000940000000, 0x0000000d00000000)
  eden space 850944K, 100% used [0x00000008d5580000,0x0000000909480000,0x0000000909480000)
  from space 294400K, 99% used [0x0000000909480000,0x000000091b3fdfd0,0x000000091b400000)
  to   space 390144K, 0% used [0x0000000928300000,0x0000000928300000,0x0000000940000000)
 ParOldGen       total 968192K, used 760404K [0x0000000080000000, 0x00000000bb180000, 0x00000008d5580000)
  object space 968192K, 78% used [0x0000000080000000,0x00000000ae6951b0,0x00000000bb180000)
 Metaspace       used 6455K, capacity 6856K, committed 6912K, reserved 8192K
Event: 30.728 GC heap after
Heap after GC invocations=22 (full 4):
 PSYoungGen      total 1358848K, used 203582K [0x00000008d5580000, 0x0000000940c00000, 0x0000000d00000000)
  eden space 968704K, 0% used [0x00000008d5580000,0x00000008d5580000,0x0000000910780000)
  from space 390144K, 52% used [0x0000000928300000,0x00000009349cfae0,0x0000000940000000)
  to   space 388608K, 0% used [0x0000000910780000,0x0000000910780000,0x0000000928300000)
 ParOldGen       total 970752K, used 970285K [0x0000000080000000, 0x00000000bb400000, 0x00000008d5580000)
  object space 970752K, 99% used [0x0000000080000000,0x00000000bb38b6a8,0x00000000bb400000)
 Metaspace       used 6455K, capacity 6856K, committed 6912K, reserved 8192K
}
Event: 30.728 GC heap before
{Heap before GC invocations=23 (full 5):
 PSYoungGen      total 1358848K, used 203582K [0x00000008d5580000, 0x0000000940c00000, 0x0000000d00000000)
  eden space 968704K, 0% used [0x00000008d5580000,0x00000008d5580000,0x0000000910780000)
  from space 390144K, 52% used [0x0000000928300000,0x00000009349cfae0,0x0000000940000000)
  to   space 388608K, 0% used [0x0000000910780000,0x0000000910780000,0x0000000928300000)
 ParOldGen       total 970752K, used 970285K [0x0000000080000000, 0x00000000bb400000, 0x00000008d5580000)
  object space 970752K, 99% used [0x0000000080000000,0x00000000bb38b6a8,0x00000000bb400000)
 Metaspace       used 6455K, capacity 6856K, committed 6912K, reserved 8192K
Event: 33.994 GC heap after
Heap after GC invocations=23 (full 5):
 PSYoungGen      total 1358848K, used 42134K [0x00000008d5580000, 0x0000000940c00000, 0x0000000d00000000)
  eden space 968704K, 0% used [0x00000008d5580000,0x00000008d5580000,0x0000000910780000)
  from space 390144K, 10% used [0x0000000928300000,0x000000092ac258c0,0x0000000940000000)
  to   space 388608K, 0% used [0x0000000910780000,0x0000000910780000,0x0000000928300000)
 ParOldGen       total 970752K, used 970383K [0x0000000080000000, 0x00000000bb400000, 0x00000008d5580000)
  object space 970752K, 99% used [0x0000000080000000,0x00000000bb3a3dd8,0x00000000bb400000)
 Metaspace       used 6455K, capacity 6856K, committed 6912K, reserved 8192K
}
Event: 35.208 GC heap before
{Heap before GC invocations=24 (full 6):
 PSYoungGen      total 1358848K, used 1003641K [0x00000008d5580000, 0x0000000940c00000, 0x0000000d00000000)
  eden space 968704K, 99% used [0x00000008d5580000,0x0000000910078db0,0x0000000910780000)
  from space 390144K, 10% used [0x0000000928300000,0x000000092ac258c0,0x0000000940000000)
  to   space 388608K, 0% used [0x0000000910780000,0x0000000910780000,0x0000000928300000)
 ParOldGen       total 970752K, used 970383K [0x0000000080000000, 0x00000000bb400000, 0x00000008d5580000)
  object space 970752K, 99% used [0x0000000080000000,0x00000000bb3a3dd8,0x00000000bb400000)
 Metaspace       used 6491K, capacity 6920K, committed 7168K, reserved 8192K
Event: 38.887 GC heap after
Heap after GC invocations=24 (full 6):
 PSYoungGen      total 1358848K, used 182218K [0x00000008d5580000, 0x0000000940c00000, 0x0000000d00000000)
  eden space 968704K, 18% used [0x00000008d5580000,0x00000008e0772bb8,0x0000000910780000)
  from space 390144K, 0% used [0x0000000928300000,0x0000000928300000,0x0000000940000000)
  to   space 388608K, 0% used [0x0000000910780000,0x0000000910780000,0x0000000928300000)
 ParOldGen       total 970752K, used 970742K [0x0000000080000000, 0x00000000bb400000, 0x00000008d5580000)
  object space 970752K, 99% used [0x0000000080000000,0x00000000bb3fdb90,0x00000000bb400000)
 Metaspace       used 6491K, capacity 6920K, committed 7168K, reserved 8192K
}

