# JRE version: OpenJDK Runtime Environment (8.0_112-b06) (build 1.8.0_112-release-b06)
# Java VM: OpenJDK 64-Bit Server VM (25.112-b06 mixed mode windows-amd64 )
Heap:
 PSYoungGen      total 935936K, used 639986K [0x00000008d5580000, 0x0000000924d00000, 0x0000000d00000000)
  eden space 652800K, 98% used [0x00000008d5580000,0x00000008fc67ca98,0x00000008fd300000)
  from space 283136K, 0% used [0x00000008fd300000,0x00000008fd300000,0x000000090e780000)
  to   space 275968K, 0% used [0x0000000913f80000,0x0000000913f80000,0x0000000924d00000)
 ParOldGen       total 880128K, used 879751K [0x0000000080000000, 0x00000000b5b80000, 0x00000008d5580000)
  object space 880128K, 99% used [0x0000000080000000,0x00000000b5b21e40,0x00000000b5b80000)
 Metaspace       used 6534K, capacity 6920K, committed 7168K, reserved 8192K
GC Heap History (10 events):
Event: 25.350 GC heap before
{Heap before GC invocations=26 (full 5):
 PSYoungGen      total 935936K, used 133455K [0x00000008d5580000, 0x0000000924d00000, 0x0000000d00000000)
  eden space 652800K, 0% used [0x00000008d5580000,0x00000008d5580000,0x00000008fd300000)
  from space 283136K, 47% used [0x00000008fd300000,0x0000000905553f40,0x000000090e780000)
  to   space 275968K, 0% used [0x0000000913f80000,0x0000000913f80000,0x0000000924d00000)
 ParOldGen       total 878592K, used 878174K [0x0000000080000000, 0x00000000b5a00000, 0x00000008d5580000)
  object space 878592K, 99% used [0x0000000080000000,0x00000000b5997808,0x00000000b5a00000)
 Metaspace       used 6454K, capacity 6856K, committed 6912K, reserved 8192K
Event: 29.022 GC heap after
Heap after GC invocations=26 (full 5):
 PSYoungGen      total 935936K, used 123868K [0x00000008d5580000, 0x0000000924d00000, 0x0000000d00000000)
  eden space 652800K, 0% used [0x00000008d5580000,0x00000008d5580000,0x00000008fd300000)
  from space 283136K, 43% used [0x00000008fd300000,0x0000000904bf7130,0x000000090e780000)
  to   space 275968K, 0% used [0x0000000913f80000,0x0000000913f80000,0x0000000924d00000)
 ParOldGen       total 878592K, used 878442K [0x0000000080000000, 0x00000000b5a00000, 0x00000008d5580000)
  object space 878592K, 99% used [0x0000000080000000,0x00000000b59da9a8,0x00000000b5a00000)
 Metaspace       used 6454K, capacity 6856K, committed 6912K, reserved 8192K
}
Event: 30.123 GC heap before
{Heap before GC invocations=27 (full 6):
 PSYoungGen      total 935936K, used 776668K [0x00000008d5580000, 0x0000000924d00000, 0x0000000d00000000)
  eden space 652800K, 100% used [0x00000008d5580000,0x00000008fd300000,0x00000008fd300000)
  from space 283136K, 43% used [0x00000008fd300000,0x0000000904bf7130,0x000000090e780000)
  to   space 275968K, 0% used [0x0000000913f80000,0x0000000913f80000,0x0000000924d00000)
 ParOldGen       total 878592K, used 878442K [0x0000000080000000, 0x00000000b5a00000, 0x00000008d5580000)
  object space 878592K, 99% used [0x0000000080000000,0x00000000b59da9a8,0x00000000b5a00000)
 Metaspace       used 6454K, capacity 6856K, committed 6912K, reserved 8192K
Event: 32.812 GC heap after
Heap after GC invocations=27 (full 6):
 PSYoungGen      total 935936K, used 207690K [0x00000008d5580000, 0x0000000924d00000, 0x0000000d00000000)
  eden space 652800K, 31% used [0x00000008d5580000,0x00000008e2052948,0x00000008fd300000)
  from space 283136K, 0% used [0x00000008fd300000,0x00000008fd300000,0x000000090e780000)
  to   space 275968K, 0% used [0x0000000913f80000,0x0000000913f80000,0x0000000924d00000)
 ParOldGen       total 878592K, used 878321K [0x0000000080000000, 0x00000000b5a00000, 0x00000008d5580000)
  object space 878592K, 99% used [0x0000000080000000,0x00000000b59bc6c0,0x00000000b5a00000)
 Metaspace       used 6454K, capacity 6856K, committed 6912K, reserved 8192K
}
Event: 33.458 GC heap before
{Heap before GC invocations=28 (full 7):
 PSYoungGen      total 935936K, used 652800K [0x00000008d5580000, 0x0000000924d00000, 0x0000000d00000000)
  eden space 652800K, 100% used [0x00000008d5580000,0x00000008fd300000,0x00000008fd300000)
  from space 283136K, 0% used [0x00000008fd300000,0x00000008fd300000,0x000000090e780000)
  to   space 275968K, 0% used [0x0000000913f80000,0x0000000913f80000,0x0000000924d00000)
 ParOldGen       total 878592K, used 878321K [0x0000000080000000, 0x00000000b5a00000, 0x00000008d5580000)
  object space 878592K, 99% used [0x0000000080000000,0x00000000b59bc6c0,0x00000000b5a00000)
 Metaspace       used 6454K, capacity 6856K, committed 6912K, reserved 8192K
Event: 36.563 GC heap after
Heap after GC invocations=28 (full 7):
 PSYoungGen      total 935936K, used 152071K [0x00000008d5580000, 0x0000000924d00000, 0x0000000d00000000)
  eden space 652800K, 23% used [0x00000008d5580000,0x00000008dea01fb0,0x00000008fd300000)
  from space 283136K, 0% used [0x00000008fd300000,0x00000008fd300000,0x000000090e780000)
  to   space 275968K, 0% used [0x0000000913f80000,0x0000000913f80000,0x0000000924d00000)
 ParOldGen       total 878592K, used 878557K [0x0000000080000000, 0x00000000b5a00000, 0x00000008d5580000)
  object space 878592K, 99% used [0x0000000080000000,0x00000000b59f7460,0x00000000b5a00000)
 Metaspace       used 6454K, capacity 6856K, committed 6912K, reserved 8192K
}
Event: 37.143 GC heap before
{Heap before GC invocations=29 (full 8):
 PSYoungGen      total 935936K, used 652800K [0x00000008d5580000, 0x0000000924d00000, 0x0000000d00000000)
  eden space 652800K, 100% used [0x00000008d5580000,0x00000008fd300000,0x00000008fd300000)
  from space 283136K, 0% used [0x00000008fd300000,0x00000008fd300000,0x000000090e780000)
  to   space 275968K, 0% used [0x0000000913f80000,0x0000000913f80000,0x0000000924d00000)
 ParOldGen       total 878592K, used 878557K [0x0000000080000000, 0x00000000b5a00000, 0x00000008d5580000)
  object space 878592K, 99% used [0x0000000080000000,0x00000000b59f7460,0x00000000b5a00000)
 Metaspace       used 6454K, capacity 6856K, committed 6912K, reserved 8192K
Event: 40.294 GC heap after
Heap after GC invocations=29 (full 8):
 PSYoungGen      total 935936K, used 225745K [0x00000008d5580000, 0x0000000924d00000, 0x0000000d00000000)
  eden space 652800K, 34% used [0x00000008d5580000,0x00000008e31f46d0,0x00000008fd300000)
  from space 283136K, 0% used [0x00000008fd300000,0x00000008fd300000,0x000000090e780000)
  to   space 275968K, 0% used [0x0000000913f80000,0x0000000913f80000,0x0000000924d00000)
 ParOldGen       total 878592K, used 878543K [0x0000000080000000, 0x00000000b5a00000, 0x00000008d5580000)
  object space 878592K, 99% used [0x0000000080000000,0x00000000b59f3ef0,0x00000000b5a00000)
 Metaspace       used 6454K, capacity 6856K, committed 6912K, reserved 8192K
}
Event: 41.153 GC heap before
{Heap before GC invocations=30 (full 9):
 PSYoungGen      total 935936K, used 652800K [0x00000008d5580000, 0x0000000924d00000, 0x0000000d00000000)
  eden space 652800K, 100% used [0x00000008d5580000,0x00000008fd300000,0x00000008fd300000)
  from space 283136K, 0% used [0x00000008fd300000,0x00000008fd300000,0x000000090e780000)
  to   space 275968K, 0% used [0x0000000913f80000,0x0000000913f80000,0x0000000924d00000)
 ParOldGen       total 880128K, used 880004K [0x0000000080000000, 0x00000000b5b80000, 0x00000008d5580000)
  object space 880128K, 99% used [0x0000000080000000,0x00000000b5b61110,0x00000000b5b80000)
 Metaspace       used 6524K, capacity 6920K, committed 7168K, reserved 8192K
Event: 45.643 GC heap after
Heap after GC invocations=30 (full 9):
 PSYoungGen      total 935936K, used 291881K [0x00000008d5580000, 0x0000000924d00000, 0x0000000d00000000)
  eden space 652800K, 44% used [0x00000008d5580000,0x00000008e728a718,0x00000008fd300000)
  from space 283136K, 0% used [0x00000008fd300000,0x00000008fd300000,0x000000090e780000)
  to   space 275968K, 0% used [0x0000000913f80000,0x0000000913f80000,0x0000000924d00000)
 ParOldGen       total 880128K, used 879751K [0x0000000080000000, 0x00000000b5b80000, 0x00000008d5580000)
  object space 880128K, 99% used [0x0000000080000000,0x00000000b5b21e40,0x00000000b5b80000)
 Metaspace       used 6524K, capacity 6920K, committed 7168K, reserved 8192K
}

