# JRE version: OpenJDK Runtime Environment (8.0_112-b06) (build 1.8.0_112-release-b06)
# Java VM: OpenJDK 64-Bit Server VM (25.112-b06 mixed mode windows-amd64 )
Heap:
 PSYoungGen      total 1090048K, used 737339K [0x00000008d5580000, 0x0000000936800000, 0x0000000d00000000)
  eden space 773632K, 67% used [0x00000008d5580000,0x00000008f532e5c0,0x0000000904900000)
  from space 316416K, 68% used [0x0000000923300000,0x00000009305608a8,0x0000000936800000)
  to   space 241152K, 0% used [0x0000000904900000,0x0000000904900000,0x0000000913480000)
 ParOldGen       total 801792K, used 658834K [0x0000000080000000, 0x00000000b0f00000, 0x00000008d5580000)
  object space 801792K, 82% used [0x0000000080000000,0x00000000a8364a48,0x00000000b0f00000)
 Metaspace       used 6461K, capacity 6920K, committed 7168K, reserved 8192K
GC Heap History (10 events):
Event: 14.845 GC heap before
{Heap before GC invocations=16 (full 3):
 PSYoungGen      total 827904K, used 771505K [0x00000008d5580000, 0x0000000913980000, 0x0000000d00000000)
  eden space 676864K, 100% used [0x00000008d5580000,0x00000008fea80000,0x00000008fea80000)
  from space 151040K, 62% used [0x0000000908880000,0x000000090e4ec728,0x0000000911c00000)
  to   space 161792K, 0% used [0x00000008fea80000,0x00000008fea80000,0x0000000908880000)
 ParOldGen       total 518656K, used 313974K [0x0000000080000000, 0x000000009fa80000, 0x00000008d5580000)
  object space 518656K, 60% used [0x0000000080000000,0x000000009329da38,0x000000009fa80000)
 Metaspace       used 6442K, capacity 6856K, committed 6912K, reserved 8192K
Event: 15.183 GC heap after
Heap after GC invocations=16 (full 3):
 PSYoungGen      total 838656K, used 161771K [0x00000008d5580000, 0x000000091fe00000, 0x0000000d00000000)
  eden space 676864K, 0% used [0x00000008d5580000,0x00000008d5580000,0x00000008fea80000)
  from space 161792K, 99% used [0x00000008fea80000,0x000000090887adb0,0x0000000908880000)
  to   space 206336K, 0% used [0x0000000913480000,0x0000000913480000,0x000000091fe00000)
 ParOldGen       total 518656K, used 358161K [0x0000000080000000, 0x000000009fa80000, 0x00000008d5580000)
  object space 518656K, 69% used [0x0000000080000000,0x0000000095dc4578,0x000000009fa80000)
 Metaspace       used 6442K, capacity 6856K, committed 6912K, reserved 8192K
}
Event: 16.630 GC heap before
{Heap before GC invocations=17 (full 3):
 PSYoungGen      total 838656K, used 838635K [0x00000008d5580000, 0x000000091fe00000, 0x0000000d00000000)
  eden space 676864K, 100% used [0x00000008d5580000,0x00000008fea80000,0x00000008fea80000)
  from space 161792K, 99% used [0x00000008fea80000,0x000000090887adb0,0x0000000908880000)
  to   space 206336K, 0% used [0x0000000913480000,0x0000000913480000,0x000000091fe00000)
 ParOldGen       total 518656K, used 358161K [0x0000000080000000, 0x000000009fa80000, 0x00000008d5580000)
  object space 518656K, 69% used [0x0000000080000000,0x0000000095dc4578,0x000000009fa80000)
 Metaspace       used 6445K, capacity 6856K, committed 6912K, reserved 8192K
Event: 16.980 GC heap after
Heap after GC invocations=17 (full 3):
 PSYoungGen      total 979968K, used 203299K [0x00000008d5580000, 0x0000000925600000, 0x0000000d00000000)
  eden space 773632K, 0% used [0x00000008d5580000,0x00000008d5580000,0x0000000904900000)
  from space 206336K, 98% used [0x0000000913480000,0x000000091fb08c10,0x000000091fe00000)
  to   space 241152K, 0% used [0x0000000904900000,0x0000000904900000,0x0000000913480000)
 ParOldGen       total 518656K, used 425167K [0x0000000080000000, 0x000000009fa80000, 0x00000008d5580000)
  object space 518656K, 81% used [0x0000000080000000,0x0000000099f33d80,0x000000009fa80000)
 Metaspace       used 6445K, capacity 6856K, committed 6912K, reserved 8192K
}
Event: 18.430 GC heap before
{Heap before GC invocations=18 (full 3):
 PSYoungGen      total 979968K, used 976931K [0x00000008d5580000, 0x0000000925600000, 0x0000000d00000000)
  eden space 773632K, 100% used [0x00000008d5580000,0x0000000904900000,0x0000000904900000)
  from space 206336K, 98% used [0x0000000913480000,0x000000091fb08c10,0x000000091fe00000)
  to   space 241152K, 0% used [0x0000000904900000,0x0000000904900000,0x0000000913480000)
 ParOldGen       total 518656K, used 425167K [0x0000000080000000, 0x000000009fa80000, 0x00000008d5580000)
  object space 518656K, 81% used [0x0000000080000000,0x0000000099f33d80,0x000000009fa80000)
 Metaspace       used 6447K, capacity 6856K, committed 6912K, reserved 8192K
Event: 18.738 GC heap after
Heap after GC invocations=18 (full 3):
 PSYoungGen      total 1014784K, used 241150K [0x00000008d5580000, 0x0000000936800000, 0x0000000d00000000)
  eden space 773632K, 0% used [0x00000008d5580000,0x00000008d5580000,0x0000000904900000)
  from space 241152K, 99% used [0x0000000904900000,0x000000091347f940,0x0000000913480000)
  to   space 316416K, 0% used [0x0000000923300000,0x0000000923300000,0x0000000936800000)
 ParOldGen       total 518656K, used 514462K [0x0000000080000000, 0x000000009fa80000, 0x00000008d5580000)
  object space 518656K, 99% used [0x0000000080000000,0x000000009f667a48,0x000000009fa80000)
 Metaspace       used 6447K, capacity 6856K, committed 6912K, reserved 8192K
}
Event: 18.738 GC heap before
{Heap before GC invocations=19 (full 4):
 PSYoungGen      total 1014784K, used 241150K [0x00000008d5580000, 0x0000000936800000, 0x0000000d00000000)
  eden space 773632K, 0% used [0x00000008d5580000,0x00000008d5580000,0x0000000904900000)
  from space 241152K, 99% used [0x0000000904900000,0x000000091347f940,0x0000000913480000)
  to   space 316416K, 0% used [0x0000000923300000,0x0000000923300000,0x0000000936800000)
 ParOldGen       total 518656K, used 514462K [0x0000000080000000, 0x000000009fa80000, 0x00000008d5580000)
  object space 518656K, 99% used [0x0000000080000000,0x000000009f667a48,0x000000009fa80000)
 Metaspace       used 6447K, capacity 6856K, committed 6912K, reserved 8192K
Event: 21.208 GC heap after
Heap after GC invocations=19 (full 4):
 PSYoungGen      total 1014784K, used 226537K [0x00000008d5580000, 0x0000000936800000, 0x0000000d00000000)
  eden space 773632K, 0% used [0x00000008d5580000,0x00000008d5580000,0x0000000904900000)
  from space 241152K, 93% used [0x0000000904900000,0x000000091263a650,0x0000000913480000)
  to   space 316416K, 0% used [0x0000000923300000,0x0000000923300000,0x0000000936800000)
 ParOldGen       total 801792K, used 518549K [0x0000000080000000, 0x00000000b0f00000, 0x00000008d5580000)
  object space 801792K, 64% used [0x0000000080000000,0x000000009fa654c8,0x00000000b0f00000)
 Metaspace       used 6447K, capacity 6856K, committed 6912K, reserved 8192K
}
Event: 22.794 GC heap before
{Heap before GC invocations=20 (full 4):
 PSYoungGen      total 1014784K, used 1000169K [0x00000008d5580000, 0x0000000936800000, 0x0000000d00000000)
  eden space 773632K, 100% used [0x00000008d5580000,0x0000000904900000,0x0000000904900000)
  from space 241152K, 93% used [0x0000000904900000,0x000000091263a650,0x0000000913480000)
  to   space 316416K, 0% used [0x0000000923300000,0x0000000923300000,0x0000000936800000)
 ParOldGen       total 801792K, used 518549K [0x0000000080000000, 0x00000000b0f00000, 0x00000008d5580000)
  object space 801792K, 64% used [0x0000000080000000,0x000000009fa654c8,0x00000000b0f00000)
 Metaspace       used 6461K, capacity 6920K, committed 7168K, reserved 8192K
Event: 23.247 GC heap after
Heap after GC invocations=20 (full 4):
 PSYoungGen      total 1090048K, used 215426K [0x00000008d5580000, 0x0000000936800000, 0x0000000d00000000)
  eden space 773632K, 0% used [0x00000008d5580000,0x00000008d5580000,0x0000000904900000)
  from space 316416K, 68% used [0x0000000923300000,0x00000009305608a8,0x0000000936800000)
  to   space 241152K, 0% used [0x0000000904900000,0x0000000904900000,0x0000000913480000)
 ParOldGen       total 801792K, used 658834K [0x0000000080000000, 0x00000000b0f00000, 0x00000008d5580000)
  object space 801792K, 82% used [0x0000000080000000,0x00000000a8364a48,0x00000000b0f00000)
 Metaspace       used 6461K, capacity 6920K, committed 7168K, reserved 8192K
}

