# JRE version: OpenJDK Runtime Environment (8.0_112-b06) (build 1.8.0_112-release-b06)
# Java VM: OpenJDK 64-Bit Server VM (25.112-b06 mixed mode windows-amd64 )
Heap:
 PSYoungGen      total 1361920K, used 469603K [0x00000008d5580000, 0x0000000940800000, 0x0000000d00000000)
  eden space 986624K, 26% used [0x00000008d5580000,0x00000008e50d3c88,0x0000000911900000)
  from space 375296K, 56% used [0x0000000911900000,0x000000091e845118,0x0000000928780000)
  to   space 374272K, 0% used [0x0000000928780000,0x0000000928780000,0x000000093f500000)
 ParOldGen       total 1402880K, used 966243K [0x0000000080000000, 0x00000000d5a00000, 0x00000008d5580000)
  object space 1402880K, 68% used [0x0000000080000000,0x00000000baf98f10,0x00000000d5a00000)
 Metaspace       used 6536K, capacity 6920K, committed 7168K, reserved 8192K
GC Heap History (10 events):
Event: 23.028 GC heap before
{Heap before GC invocations=20 (full 4):
 PSYoungGen      total 1009152K, used 856893K [0x00000008d5580000, 0x000000092ca00000, 0x0000000d00000000)
  eden space 743936K, 100% used [0x00000008d5580000,0x0000000902c00000,0x0000000902c00000)
  from space 265216K, 42% used [0x0000000902c00000,0x0000000909a4f5c0,0x0000000912f00000)
  to   space 261120K, 0% used [0x000000091cb00000,0x000000091cb00000,0x000000092ca00000)
 ParOldGen       total 966656K, used 633684K [0x0000000080000000, 0x00000000bb000000, 0x00000008d5580000)
  object space 966656K, 65% used [0x0000000080000000,0x00000000a6ad51b0,0x00000000bb000000)
 Metaspace       used 6461K, capacity 6856K, committed 6912K, reserved 8192K
Event: 23.450 GC heap after
Heap after GC invocations=20 (full 4):
 PSYoungGen      total 1136640K, used 227069K [0x00000008d5580000, 0x000000092f280000, 0x0000000d00000000)
  eden space 875520K, 0% used [0x00000008d5580000,0x00000008d5580000,0x000000090ac80000)
  from space 261120K, 86% used [0x000000091cb00000,0x000000092a8bf4f0,0x000000092ca00000)
  to   space 293376K, 0% used [0x000000090ac80000,0x000000090ac80000,0x000000091cb00000)
 ParOldGen       total 966656K, used 633692K [0x0000000080000000, 0x00000000bb000000, 0x00000008d5580000)
  object space 966656K, 65% used [0x0000000080000000,0x00000000a6ad71b0,0x00000000bb000000)
 Metaspace       used 6461K, capacity 6856K, committed 6912K, reserved 8192K
}
Event: 25.382 GC heap before
{Heap before GC invocations=21 (full 4):
 PSYoungGen      total 1136640K, used 1102589K [0x00000008d5580000, 0x000000092f280000, 0x0000000d00000000)
  eden space 875520K, 100% used [0x00000008d5580000,0x000000090ac80000,0x000000090ac80000)
  from space 261120K, 86% used [0x000000091cb00000,0x000000092a8bf4f0,0x000000092ca00000)
  to   space 293376K, 0% used [0x000000090ac80000,0x000000090ac80000,0x000000091cb00000)
 ParOldGen       total 966656K, used 633692K [0x0000000080000000, 0x00000000bb000000, 0x00000008d5580000)
  object space 966656K, 65% used [0x0000000080000000,0x00000000a6ad71b0,0x00000000bb000000)
 Metaspace       used 6461K, capacity 6856K, committed 6912K, reserved 8192K
Event: 25.663 GC heap after
Heap after GC invocations=21 (full 4):
 PSYoungGen      total 1168896K, used 293368K [0x00000008d5580000, 0x000000093f500000, 0x0000000d00000000)
  eden space 875520K, 0% used [0x00000008d5580000,0x00000008d5580000,0x000000090ac80000)
  from space 293376K, 99% used [0x000000090ac80000,0x000000091cafe270,0x000000091cb00000)
  to   space 374272K, 0% used [0x0000000928780000,0x0000000928780000,0x000000093f500000)
 ParOldGen       total 966656K, used 717406K [0x0000000080000000, 0x00000000bb000000, 0x00000008d5580000)
  object space 966656K, 74% used [0x0000000080000000,0x00000000abc979d0,0x00000000bb000000)
 Metaspace       used 6461K, capacity 6856K, committed 6912K, reserved 8192K
}
Event: 26.840 GC heap before
{Heap before GC invocations=22 (full 4):
 PSYoungGen      total 1168896K, used 1168888K [0x00000008d5580000, 0x000000093f500000, 0x0000000d00000000)
  eden space 875520K, 100% used [0x00000008d5580000,0x000000090ac80000,0x000000090ac80000)
  from space 293376K, 99% used [0x000000090ac80000,0x000000091cafe270,0x000000091cb00000)
  to   space 374272K, 0% used [0x0000000928780000,0x0000000928780000,0x000000093f500000)
 ParOldGen       total 966656K, used 717406K [0x0000000080000000, 0x00000000bb000000, 0x00000008d5580000)
  object space 966656K, 74% used [0x0000000080000000,0x00000000abc979d0,0x00000000bb000000)
 Metaspace       used 6461K, capacity 6856K, committed 6912K, reserved 8192K
Event: 27.213 GC heap after
Heap after GC invocations=22 (full 4):
 PSYoungGen      total 1360896K, used 203305K [0x00000008d5580000, 0x0000000940800000, 0x0000000d00000000)
  eden space 986624K, 0% used [0x00000008d5580000,0x00000008d5580000,0x0000000911900000)
  from space 374272K, 54% used [0x0000000928780000,0x0000000934e0a688,0x000000093f500000)
  to   space 375296K, 0% used [0x0000000911900000,0x0000000911900000,0x0000000928780000)
 ParOldGen       total 966656K, used 929124K [0x0000000080000000, 0x00000000bb000000, 0x00000008d5580000)
  object space 966656K, 96% used [0x0000000080000000,0x00000000b8b591a0,0x00000000bb000000)
 Metaspace       used 6461K, capacity 6856K, committed 6912K, reserved 8192K
}
Event: 27.213 GC heap before
{Heap before GC invocations=23 (full 5):
 PSYoungGen      total 1360896K, used 203305K [0x00000008d5580000, 0x0000000940800000, 0x0000000d00000000)
  eden space 986624K, 0% used [0x00000008d5580000,0x00000008d5580000,0x0000000911900000)
  from space 374272K, 54% used [0x0000000928780000,0x0000000934e0a688,0x000000093f500000)
  to   space 375296K, 0% used [0x0000000911900000,0x0000000911900000,0x0000000928780000)
 ParOldGen       total 966656K, used 929124K [0x0000000080000000, 0x00000000bb000000, 0x00000008d5580000)
  object space 966656K, 96% used [0x0000000080000000,0x00000000b8b591a0,0x00000000bb000000)
 Metaspace       used 6461K, capacity 6856K, committed 6912K, reserved 8192K
Event: 31.214 GC heap after
Heap after GC invocations=23 (full 5):
 PSYoungGen      total 1360896K, used 55187K [0x00000008d5580000, 0x0000000940800000, 0x0000000d00000000)
  eden space 986624K, 0% used [0x00000008d5580000,0x00000008d5580000,0x0000000911900000)
  from space 374272K, 14% used [0x0000000928780000,0x000000092bd64c00,0x000000093f500000)
  to   space 375296K, 0% used [0x0000000911900000,0x0000000911900000,0x0000000928780000)
 ParOldGen       total 1402880K, used 966243K [0x0000000080000000, 0x00000000d5a00000, 0x00000008d5580000)
  object space 1402880K, 68% used [0x0000000080000000,0x00000000baf98f10,0x00000000d5a00000)
 Metaspace       used 6461K, capacity 6856K, committed 6912K, reserved 8192K
}
Event: 32.493 GC heap before
{Heap before GC invocations=24 (full 5):
 PSYoungGen      total 1360896K, used 1041811K [0x00000008d5580000, 0x0000000940800000, 0x0000000d00000000)
  eden space 986624K, 100% used [0x00000008d5580000,0x0000000911900000,0x0000000911900000)
  from space 374272K, 14% used [0x0000000928780000,0x000000092bd64c00,0x000000093f500000)
  to   space 375296K, 0% used [0x0000000911900000,0x0000000911900000,0x0000000928780000)
 ParOldGen       total 1402880K, used 966243K [0x0000000080000000, 0x00000000d5a00000, 0x00000008d5580000)
  object space 1402880K, 68% used [0x0000000080000000,0x00000000baf98f10,0x00000000d5a00000)
 Metaspace       used 6526K, capacity 6920K, committed 7168K, reserved 8192K
Event: 32.920 GC heap after
Heap after GC invocations=24 (full 5):
 PSYoungGen      total 1361920K, used 212244K [0x00000008d5580000, 0x0000000940800000, 0x0000000d00000000)
  eden space 986624K, 0% used [0x00000008d5580000,0x00000008d5580000,0x0000000911900000)
  from space 375296K, 56% used [0x0000000911900000,0x000000091e845118,0x0000000928780000)
  to   space 374272K, 0% used [0x0000000928780000,0x0000000928780000,0x000000093f500000)
 ParOldGen       total 1402880K, used 966243K [0x0000000080000000, 0x00000000d5a00000, 0x00000008d5580000)
  object space 1402880K, 68% used [0x0000000080000000,0x00000000baf98f10,0x00000000d5a00000)
 Metaspace       used 6526K, capacity 6920K, committed 7168K, reserved 8192K
}

