# JRE version: OpenJDK Runtime Environment (8.0_112-b06) (build 1.8.0_112-release-b06)
# Java VM: OpenJDK 64-Bit Server VM (25.112-b06 mixed mode windows-amd64 )
Heap:
 PSYoungGen      total 1092096K, used 275442K [0x00000008d5580000, 0x000000092c100000, 0x0000000d00000000)
  eden space 812032K, 10% used [0x00000008d5580000,0x00000008da602830,0x0000000906e80000)
  from space 280064K, 68% used [0x0000000906e80000,0x0000000912afa260,0x0000000918000000)
  to   space 239104K, 0% used [0x0000000918000000,0x0000000918000000,0x0000000926980000)
 ParOldGen       total 846848K, used 846615K [0x0000000080000000, 0x00000000b3b00000, 0x00000008d5580000)
  object space 846848K, 99% used [0x0000000080000000,0x00000000b3ac5d00,0x00000000b3b00000)
 Metaspace       used 6421K, capacity 6856K, committed 6912K, reserved 8192K
GC Heap History (10 events):
Event: 17.634 GC heap before
{Heap before GC invocations=18 (full 4):
 PSYoungGen      total 911360K, used 186874K [0x00000008d5580000, 0x0000000923300000, 0x0000000d00000000)
  eden space 724480K, 0% used [0x00000008d5580000,0x00000008d5580000,0x0000000901900000)
  from space 186880K, 99% used [0x0000000910580000,0x000000091bbfe930,0x000000091bc00000)
  to   space 242176K, 0% used [0x0000000901900000,0x0000000901900000,0x0000000910580000)
 ParOldGen       total 517632K, used 434604K [0x0000000080000000, 0x000000009f980000, 0x00000008d5580000)
  object space 517632K, 83% used [0x0000000080000000,0x000000009a86b1b0,0x000000009f980000)
 Metaspace       used 6405K, capacity 6856K, committed 6912K, reserved 8192K
Event: 19.381 GC heap after
Heap after GC invocations=18 (full 4):
 PSYoungGen      total 911360K, used 97321K [0x00000008d5580000, 0x0000000923300000, 0x0000000d00000000)
  eden space 724480K, 0% used [0x00000008d5580000,0x00000008d5580000,0x0000000901900000)
  from space 186880K, 52% used [0x0000000910580000,0x000000091648a680,0x000000091bc00000)
  to   space 242176K, 0% used [0x0000000901900000,0x0000000901900000,0x0000000910580000)
 ParOldGen       total 795136K, used 517229K [0x0000000080000000, 0x00000000b0880000, 0x00000008d5580000)
  object space 795136K, 65% used [0x0000000080000000,0x000000009f91b528,0x00000000b0880000)
 Metaspace       used 6405K, capacity 6856K, committed 6912K, reserved 8192K
}
Event: 20.945 GC heap before
{Heap before GC invocations=19 (full 4):
 PSYoungGen      total 911360K, used 821801K [0x00000008d5580000, 0x0000000923300000, 0x0000000d00000000)
  eden space 724480K, 100% used [0x00000008d5580000,0x0000000901900000,0x0000000901900000)
  from space 186880K, 52% used [0x0000000910580000,0x000000091648a680,0x000000091bc00000)
  to   space 242176K, 0% used [0x0000000901900000,0x0000000901900000,0x0000000910580000)
 ParOldGen       total 795136K, used 517229K [0x0000000080000000, 0x00000000b0880000, 0x00000008d5580000)
  object space 795136K, 65% used [0x0000000080000000,0x000000009f91b528,0x00000000b0880000)
 Metaspace       used 6408K, capacity 6856K, committed 6912K, reserved 8192K
Event: 21.236 GC heap after
Heap after GC invocations=19 (full 4):
 PSYoungGen      total 966656K, used 119536K [0x00000008d5580000, 0x0000000926980000, 0x0000000d00000000)
  eden space 724480K, 0% used [0x00000008d5580000,0x00000008d5580000,0x0000000901900000)
  from space 242176K, 49% used [0x0000000901900000,0x0000000908dbc318,0x0000000910580000)
  to   space 239104K, 0% used [0x0000000918000000,0x0000000918000000,0x0000000926980000)
 ParOldGen       total 795136K, used 613888K [0x0000000080000000, 0x00000000b0880000, 0x00000008d5580000)
  object space 795136K, 77% used [0x0000000080000000,0x00000000a5780390,0x00000000b0880000)
 Metaspace       used 6408K, capacity 6856K, committed 6912K, reserved 8192K
}
Event: 22.817 GC heap before
{Heap before GC invocations=20 (full 4):
 PSYoungGen      total 966656K, used 844016K [0x00000008d5580000, 0x0000000926980000, 0x0000000d00000000)
  eden space 724480K, 100% used [0x00000008d5580000,0x0000000901900000,0x0000000901900000)
  from space 242176K, 49% used [0x0000000901900000,0x0000000908dbc318,0x0000000910580000)
  to   space 239104K, 0% used [0x0000000918000000,0x0000000918000000,0x0000000926980000)
 ParOldGen       total 795136K, used 613888K [0x0000000080000000, 0x00000000b0880000, 0x00000008d5580000)
  object space 795136K, 77% used [0x0000000080000000,0x00000000a5780390,0x00000000b0880000)
 Metaspace       used 6421K, capacity 6856K, committed 6912K, reserved 8192K
Event: 23.096 GC heap after
Heap after GC invocations=20 (full 4):
 PSYoungGen      total 1051136K, used 239097K [0x00000008d5580000, 0x000000092c100000, 0x0000000d00000000)
  eden space 812032K, 0% used [0x00000008d5580000,0x00000008d5580000,0x0000000906e80000)
  from space 239104K, 99% used [0x0000000918000000,0x000000092697e778,0x0000000926980000)
  to   space 280064K, 0% used [0x0000000906e80000,0x0000000906e80000,0x0000000918000000)
 ParOldGen       total 795136K, used 614865K [0x0000000080000000, 0x00000000b0880000, 0x00000008d5580000)
  object space 795136K, 77% used [0x0000000080000000,0x00000000a5874798,0x00000000b0880000)
 Metaspace       used 6421K, capacity 6856K, committed 6912K, reserved 8192K
}
Event: 25.144 GC heap before
{Heap before GC invocations=21 (full 4):
 PSYoungGen      total 1051136K, used 1051129K [0x00000008d5580000, 0x000000092c100000, 0x0000000d00000000)
  eden space 812032K, 100% used [0x00000008d5580000,0x0000000906e80000,0x0000000906e80000)
  from space 239104K, 99% used [0x0000000918000000,0x000000092697e778,0x0000000926980000)
  to   space 280064K, 0% used [0x0000000906e80000,0x0000000906e80000,0x0000000918000000)
 ParOldGen       total 795136K, used 614865K [0x0000000080000000, 0x00000000b0880000, 0x00000008d5580000)
  object space 795136K, 77% used [0x0000000080000000,0x00000000a5874798,0x00000000b0880000)
 Metaspace       used 6421K, capacity 6856K, committed 6912K, reserved 8192K
Event: 25.493 GC heap after
Heap after GC invocations=21 (full 4):
 PSYoungGen      total 1092096K, used 206706K [0x00000008d5580000, 0x000000092c100000, 0x0000000d00000000)
  eden space 812032K, 0% used [0x00000008d5580000,0x00000008d5580000,0x0000000906e80000)
  from space 280064K, 73% used [0x0000000906e80000,0x000000091385cb10,0x0000000918000000)
  to   space 239104K, 0% used [0x0000000918000000,0x0000000918000000,0x0000000926980000)
 ParOldGen       total 846848K, used 845914K [0x0000000080000000, 0x00000000b3b00000, 0x00000008d5580000)
  object space 846848K, 99% used [0x0000000080000000,0x00000000b3a16bc8,0x00000000b3b00000)
 Metaspace       used 6421K, capacity 6856K, committed 6912K, reserved 8192K
}
Event: 25.493 GC heap before
{Heap before GC invocations=22 (full 5):
 PSYoungGen      total 1092096K, used 206706K [0x00000008d5580000, 0x000000092c100000, 0x0000000d00000000)
  eden space 812032K, 0% used [0x00000008d5580000,0x00000008d5580000,0x0000000906e80000)
  from space 280064K, 73% used [0x0000000906e80000,0x000000091385cb10,0x0000000918000000)
  to   space 239104K, 0% used [0x0000000918000000,0x0000000918000000,0x0000000926980000)
 ParOldGen       total 846848K, used 845914K [0x0000000080000000, 0x00000000b3b00000, 0x00000008d5580000)
  object space 846848K, 99% used [0x0000000080000000,0x00000000b3a16bc8,0x00000000b3b00000)
 Metaspace       used 6421K, capacity 6856K, committed 6912K, reserved 8192K
Event: 28.796 GC heap after
Heap after GC invocations=22 (full 5):
 PSYoungGen      total 1092096K, used 193000K [0x00000008d5580000, 0x000000092c100000, 0x0000000d00000000)
  eden space 812032K, 0% used [0x00000008d5580000,0x00000008d5580000,0x0000000906e80000)
  from space 280064K, 68% used [0x0000000906e80000,0x0000000912afa260,0x0000000918000000)
  to   space 239104K, 0% used [0x0000000918000000,0x0000000918000000,0x0000000926980000)
 ParOldGen       total 846848K, used 846615K [0x0000000080000000, 0x00000000b3b00000, 0x00000008d5580000)
  object space 846848K, 99% used [0x0000000080000000,0x00000000b3ac5d00,0x00000000b3b00000)
 Metaspace       used 6421K, capacity 6856K, committed 6912K, reserved 8192K
}

